# JRE version: Java(TM) SE Runtime Environment (8.0_45-b15) (build 1.8.0_45-b15)
# Java VM: Java HotSpot(TM) 64-Bit Server VM (25.45-b02 mixed mode windows-amd64 compressed oops)
Heap:
 PSYoungGen      total 16384K, used 11436K [0x00000000f5580000, 0x00000000f7d80000, 0x0000000100000000)
  eden space 14336K, 65% used [0x00000000f5580000,0x00000000f5eaf0b8,0x00000000f6380000)
  from space 2048K, 99% used [0x00000000f6380000,0x00000000f657c030,0x00000000f6580000)
  to   space 6144K, 0% used [0x00000000f7780000,0x00000000f7780000,0x00000000f7d80000)
 ParOldGen       total 36864K, used 8173K [0x00000000e0000000, 0x00000000e2400000, 0x00000000f5580000)
  object space 36864K, 22% used [0x00000000e0000000,0x00000000e07fb718,0x00000000e2400000)
 Metaspace       used 16890K, capacity 17290K, committed 17536K, reserved 1064960K
  class space    used 2282K, capacity 2417K, committed 2432K, reserved 1048576K
GC Heap History (10 events):
Event: 4.218 GC heap before
{Heap before GC invocations=1 (full 0):
 PSYoungGen      total 16384K, used 14336K [0x00000000f5580000, 0x00000000f6780000, 0x0000000100000000)
  eden space 14336K, 100% used [0x00000000f5580000,0x00000000f6380000,0x00000000f6380000)
  from space 2048K, 0% used [0x00000000f6580000,0x00000000f6580000,0x00000000f6780000)
  to   space 2048K, 0% used [0x00000000f6380000,0x00000000f6380000,0x00000000f6580000)
 ParOldGen       total 36864K, used 0K [0x00000000e0000000, 0x00000000e2400000, 0x00000000f5580000)
  object space 36864K, 0% used [0x00000000e0000000,0x00000000e0000000,0x00000000e2400000)
 Metaspace       used 5486K, capacity 5912K, committed 6144K, reserved 1056768K
  class space    used 699K, capacity 760K, committed 768K, reserved 1048576K
Event: 4.227 GC heap after
Heap after GC invocations=1 (full 0):
 PSYoungGen      total 16384K, used 2027K [0x00000000f5580000, 0x00000000f6780000, 0x0000000100000000)
  eden space 14336K, 0% used [0x00000000f5580000,0x00000000f5580000,0x00000000f6380000)
  from space 2048K, 99% used [0x00000000f6380000,0x00000000f657ae30,0x00000000f6580000)
  to   space 2048K, 0% used [0x00000000f6580000,0x00000000f6580000,0x00000000f6780000)
 ParOldGen       total 36864K, used 819K [0x00000000e0000000, 0x00000000e2400000, 0x00000000f5580000)
  object space 36864K, 2% used [0x00000000e0000000,0x00000000e00cccf0,0x00000000e2400000)
 Metaspace       used 5486K, capacity 5912K, committed 6144K, reserved 1056768K
  class space    used 699K, capacity 760K, committed 768K, reserved 1048576K
}
Event: 4.912 GC heap before
{Heap before GC invocations=2 (full 0):
 PSYoungGen      total 16384K, used 16363K [0x00000000f5580000, 0x00000000f6780000, 0x0000000100000000)
  eden space 14336K, 100% used [0x00000000f5580000,0x00000000f6380000,0x00000000f6380000)
  from space 2048K, 99% used [0x00000000f6380000,0x00000000f657ae30,0x00000000f6580000)
  to   space 2048K, 0% used [0x00000000f6580000,0x00000000f6580000,0x00000000f6780000)
 ParOldGen       total 36864K, used 819K [0x00000000e0000000, 0x00000000e2400000, 0x00000000f5580000)
  object space 36864K, 2% used [0x00000000e0000000,0x00000000e00cccf0,0x00000000e2400000)
 Metaspace       used 5701K, capacity 6032K, committed 6272K, reserved 1056768K
  class space    used 732K, capacity 800K, committed 896K, reserved 1048576K
Event: 4.918 GC heap after
Heap after GC invocations=2 (full 0):
 PSYoungGen      total 16384K, used 2031K [0x00000000f5580000, 0x00000000f6780000, 0x0000000100000000)
  eden space 14336K, 0% used [0x00000000f5580000,0x00000000f5580000,0x00000000f6380000)
  from space 2048K, 99% used [0x00000000f6580000,0x00000000f677bde0,0x00000000f6780000)
  to   space 2048K, 0% used [0x00000000f6380000,0x00000000f6380000,0x00000000f6580000)
 ParOldGen       total 36864K, used 957K [0x00000000e0000000, 0x00000000e2400000, 0x00000000f5580000)
  object space 36864K, 2% used [0x00000000e0000000,0x00000000e00ef418,0x00000000e2400000)
 Metaspace       used 5701K, capacity 6032K, committed 6272K, reserved 1056768K
  class space    used 732K, capacity 800K, committed 896K, reserved 1048576K
}
Event: 6.720 GC heap before
{Heap before GC invocations=3 (full 0):
 PSYoungGen      total 16384K, used 16367K [0x00000000f5580000, 0x00000000f6780000, 0x0000000100000000)
  eden space 14336K, 100% used [0x00000000f5580000,0x00000000f6380000,0x00000000f6380000)
  from space 2048K, 99% used [0x00000000f6580000,0x00000000f677bde0,0x00000000f6780000)
  to   space 2048K, 0% used [0x00000000f6380000,0x00000000f6380000,0x00000000f6580000)
 ParOldGen       total 36864K, used 957K [0x00000000e0000000, 0x00000000e2400000, 0x00000000f5580000)
  object space 36864K, 2% used [0x00000000e0000000,0x00000000e00ef418,0x00000000e2400000)
 Metaspace       used 10382K, capacity 10762K, committed 11008K, reserved 1058816K
  class space    used 1345K, capacity 1457K, committed 1536K, reserved 1048576K
Event: 6.734 GC heap after
Heap after GC invocations=3 (full 0):
 PSYoungGen      total 16384K, used 2048K [0x00000000f5580000, 0x00000000f6780000, 0x0000000100000000)
  eden space 14336K, 0% used [0x00000000f5580000,0x00000000f5580000,0x00000000f6380000)
  from space 2048K, 100% used [0x00000000f6380000,0x00000000f6580000,0x00000000f6580000)
  to   space 2048K, 0% used [0x00000000f6580000,0x00000000f6580000,0x00000000f6780000)
 ParOldGen       total 36864K, used 2771K [0x00000000e0000000, 0x00000000e2400000, 0x00000000f5580000)
  object space 36864K, 7% used [0x00000000e0000000,0x00000000e02b4d08,0x00000000e2400000)
 Metaspace       used 10382K, capacity 10762K, committed 11008K, reserved 1058816K
  class space    used 1345K, capacity 1457K, committed 1536K, reserved 1048576K
}
Event: 7.313 GC heap before
{Heap before GC invocations=4 (full 0):
 PSYoungGen      total 16384K, used 16384K [0x00000000f5580000, 0x00000000f6780000, 0x0000000100000000)
  eden space 14336K, 100% used [0x00000000f5580000,0x00000000f6380000,0x00000000f6380000)
  from space 2048K, 100% used [0x00000000f6380000,0x00000000f6580000,0x00000000f6580000)
  to   space 2048K, 0% used [0x00000000f6580000,0x00000000f6580000,0x00000000f6780000)
 ParOldGen       total 36864K, used 2771K [0x00000000e0000000, 0x00000000e2400000, 0x00000000f5580000)
  object space 36864K, 7% used [0x00000000e0000000,0x00000000e02b4d08,0x00000000e2400000)
 Metaspace       used 12097K, capacity 12522K, committed 12800K, reserved 1060864K
  class space    used 1625K, capacity 1745K, committed 1792K, reserved 1048576K
Event: 7.326 GC heap after
Heap after GC invocations=4 (full 0):
 PSYoungGen      total 16384K, used 2048K [0x00000000f5580000, 0x00000000f6780000, 0x0000000100000000)
  eden space 14336K, 0% used [0x00000000f5580000,0x00000000f5580000,0x00000000f6380000)
  from space 2048K, 100% used [0x00000000f6580000,0x00000000f6780000,0x00000000f6780000)
  to   space 2048K, 0% used [0x00000000f6380000,0x00000000f6380000,0x00000000f6580000)
 ParOldGen       total 36864K, used 4951K [0x00000000e0000000, 0x00000000e2400000, 0x00000000f5580000)
  object space 36864K, 13% used [0x00000000e0000000,0x00000000e04d5c98,0x00000000e2400000)
 Metaspace       used 12097K, capacity 12522K, committed 12800K, reserved 1060864K
  class space    used 1625K, capacity 1745K, committed 1792K, reserved 1048576K
}
Event: 8.236 GC heap before
{Heap before GC invocations=5 (full 0):
 PSYoungGen      total 16384K, used 16384K [0x00000000f5580000, 0x00000000f6780000, 0x0000000100000000)
  eden space 14336K, 100% used [0x00000000f5580000,0x00000000f6380000,0x00000000f6380000)
  from space 2048K, 100% used [0x00000000f6580000,0x00000000f6780000,0x00000000f6780000)
  to   space 2048K, 0% used [0x00000000f6380000,0x00000000f6380000,0x00000000f6580000)
 ParOldGen       total 36864K, used 4951K [0x00000000e0000000, 0x00000000e2400000, 0x00000000f5580000)
  object space 36864K, 13% used [0x00000000e0000000,0x00000000e04d5c98,0x00000000e2400000)
 Metaspace       used 15883K, capacity 16202K, committed 16384K, reserved 1062912K
  class space    used 2111K, capacity 2225K, committed 2304K, reserved 1048576K
Event: 8.253 GC heap after
Heap after GC invocations=5 (full 0):
 PSYoungGen      total 16384K, used 2032K [0x00000000f5580000, 0x00000000f7d80000, 0x0000000100000000)
  eden space 14336K, 0% used [0x00000000f5580000,0x00000000f5580000,0x00000000f6380000)
  from space 2048K, 99% used [0x00000000f6380000,0x00000000f657c030,0x00000000f6580000)
  to   space 6144K, 0% used [0x00000000f7780000,0x00000000f7780000,0x00000000f7d80000)
 ParOldGen       total 36864K, used 8173K [0x00000000e0000000, 0x00000000e2400000, 0x00000000f5580000)
  object space 36864K, 22% used [0x00000000e0000000,0x00000000e07fb718,0x00000000e2400000)
 Metaspace       used 15883K, capacity 16202K, committed 16384K, reserved 1062912K
  class space    used 2111K, capacity 2225K, committed 2304K, reserved 1048576K
}

